{"/Users/mattchang/Documents/Development/front-end-cyoa-take-home/frontend/src/App.js": {"path":"/Users/mattchang/Documents/Development/front-end-cyoa-take-home/frontend/src/App.js","statementMap":{"0":{"start":{"line":7,"column":20},"end":{"line":7,"column":37}},"1":{"start":{"line":10,"column":40},"end":{"line":10,"column":51}},"2":{"start":{"line":11,"column":2},"end":{"line":26,"column":4}}},"fnMap":{"0":{"name":"App","decl":{"start":{"line":9,"column":9},"end":{"line":9,"column":12}},"loc":{"start":{"line":9,"column":15},"end":{"line":27,"column":1}},"line":9}},"branchMap":{},"s":{"0":1,"1":1,"2":1},"f":{"0":1},"b":{},"_coverageSchema":"1a1c01bbd47fc00a2c39e90264f33305004495a9","hash":"090e387ba4fab5df4d57ee8e6ba08938ff522a98"}
,"/Users/mattchang/Documents/Development/front-end-cyoa-take-home/frontend/src/SocketProvider.jsx": {"path":"/Users/mattchang/Documents/Development/front-end-cyoa-take-home/frontend/src/SocketProvider.jsx","statementMap":{"0":{"start":{"line":4,"column":15},"end":{"line":4,"column":42}},"1":{"start":{"line":5,"column":18},"end":{"line":5,"column":39}},"2":{"start":{"line":7,"column":0},"end":{"line":7,"column":63}},"3":{"start":{"line":7,"column":27},"end":{"line":7,"column":61}},"4":{"start":{"line":9,"column":23},"end":{"line":13,"column":1}},"5":{"start":{"line":10,"column":2},"end":{"line":12,"column":4}}},"fnMap":{"0":{"name":"(anonymous_0)","decl":{"start":{"line":7,"column":21},"end":{"line":7,"column":22}},"loc":{"start":{"line":7,"column":27},"end":{"line":7,"column":61}},"line":7},"1":{"name":"(anonymous_1)","decl":{"start":{"line":9,"column":23},"end":{"line":9,"column":24}},"loc":{"start":{"line":9,"column":41},"end":{"line":13,"column":1}},"line":9}},"branchMap":{},"s":{"0":1,"1":1,"2":1,"3":0,"4":1,"5":1},"f":{"0":0,"1":1},"b":{},"_coverageSchema":"1a1c01bbd47fc00a2c39e90264f33305004495a9","hash":"58bcb187295d5e0bce1482aeb6d2a07d13975fdd"}
,"/Users/mattchang/Documents/Development/front-end-cyoa-take-home/frontend/src/index.js": {"path":"/Users/mattchang/Documents/Development/front-end-cyoa-take-home/frontend/src/index.js","statementMap":{"0":{"start":{"line":6,"column":13},"end":{"line":6,"column":65}},"1":{"start":{"line":7,"column":0},"end":{"line":11,"column":2}}},"fnMap":{},"branchMap":{},"s":{"0":0,"1":0},"f":{},"b":{}}
,"/Users/mattchang/Documents/Development/front-end-cyoa-take-home/frontend/src/components/Comment.jsx": {"path":"/Users/mattchang/Documents/Development/front-end-cyoa-take-home/frontend/src/components/Comment.jsx","statementMap":{"0":{"start":{"line":1,"column":16},"end":{"line":35,"column":1}},"1":{"start":{"line":3,"column":15},"end":{"line":3,"column":55}},"2":{"start":{"line":4,"column":2},"end":{"line":34,"column":4}}},"fnMap":{"0":{"name":"(anonymous_0)","decl":{"start":{"line":1,"column":16},"end":{"line":1,"column":17}},"loc":{"start":{"line":1,"column":39},"end":{"line":35,"column":1}},"line":1}},"branchMap":{"0":{"loc":{"start":{"line":17,"column":12},"end":{"line":27,"column":21}},"type":"cond-expr","locations":[{"start":{"line":18,"column":16},"end":{"line":22,"column":21}},{"start":{"line":23,"column":16},"end":{"line":27,"column":21}}],"line":17},"1":{"loc":{"start":{"line":19,"column":18},"end":{"line":21,"column":39}},"type":"cond-expr","locations":[{"start":{"line":20,"column":22},"end":{"line":20,"column":45}},{"start":{"line":21,"column":22},"end":{"line":21,"column":39}}],"line":19},"2":{"loc":{"start":{"line":24,"column":18},"end":{"line":26,"column":39}},"type":"cond-expr","locations":[{"start":{"line":25,"column":22},"end":{"line":25,"column":45}},{"start":{"line":26,"column":22},"end":{"line":26,"column":39}}],"line":24},"3":{"loc":{"start":{"line":32,"column":7},"end":{"line":32,"column":62}},"type":"binary-expr","locations":[{"start":{"line":32,"column":7},"end":{"line":32,"column":12}},{"start":{"line":32,"column":16},"end":{"line":32,"column":62}}],"line":32}},"s":{"0":2,"1":1,"2":1},"f":{"0":1},"b":{"0":[1,0],"1":[0,1],"2":[0,0],"3":[1,1]},"_coverageSchema":"1a1c01bbd47fc00a2c39e90264f33305004495a9","hash":"5e0ed7ebd19f094faab951e9fbe026021c57ec41"}
,"/Users/mattchang/Documents/Development/front-end-cyoa-take-home/frontend/src/components/CommentFeed.jsx": {"path":"/Users/mattchang/Documents/Development/front-end-cyoa-take-home/frontend/src/components/CommentFeed.jsx","statementMap":{"0":{"start":{"line":7,"column":20},"end":{"line":53,"column":1}},"1":{"start":{"line":8,"column":34},"end":{"line":8,"column":46}},"2":{"start":{"line":10,"column":19},"end":{"line":10,"column":32}},"3":{"start":{"line":11,"column":22},"end":{"line":11,"column":38}},"4":{"start":{"line":13,"column":17},"end":{"line":13,"column":42}},"5":{"start":{"line":15,"column":2},"end":{"line":17,"column":5}},"6":{"start":{"line":16,"column":4},"end":{"line":16,"column":57}},"7":{"start":{"line":19,"column":2},"end":{"line":25,"column":5}},"8":{"start":{"line":20,"column":4},"end":{"line":20,"column":48}},"9":{"start":{"line":21,"column":4},"end":{"line":24,"column":5}},"10":{"start":{"line":22,"column":6},"end":{"line":22,"column":28}},"11":{"start":{"line":23,"column":6},"end":{"line":23,"column":38}},"12":{"start":{"line":27,"column":2},"end":{"line":29,"column":4}},"13":{"start":{"line":28,"column":4},"end":{"line":28,"column":47}},"14":{"start":{"line":31,"column":2},"end":{"line":33,"column":13}},"15":{"start":{"line":32,"column":4},"end":{"line":32,"column":46}},"16":{"start":{"line":32,"column":28},"end":{"line":32,"column":46}},"17":{"start":{"line":35,"column":2},"end":{"line":52,"column":4}},"18":{"start":{"line":48,"column":10},"end":{"line":48,"column":77}}},"fnMap":{"0":{"name":"(anonymous_0)","decl":{"start":{"line":7,"column":20},"end":{"line":7,"column":21}},"loc":{"start":{"line":7,"column":57},"end":{"line":53,"column":1}},"line":7},"1":{"name":"(anonymous_1)","decl":{"start":{"line":15,"column":23},"end":{"line":15,"column":24}},"loc":{"start":{"line":15,"column":29},"end":{"line":17,"column":3}},"line":15},"2":{"name":"(anonymous_2)","decl":{"start":{"line":19,"column":31},"end":{"line":19,"column":32}},"loc":{"start":{"line":19,"column":45},"end":{"line":25,"column":3}},"line":19},"3":{"name":"(anonymous_3)","decl":{"start":{"line":27,"column":30},"end":{"line":27,"column":31}},"loc":{"start":{"line":28,"column":4},"end":{"line":28,"column":47}},"line":28},"4":{"name":"(anonymous_4)","decl":{"start":{"line":31,"column":12},"end":{"line":31,"column":13}},"loc":{"start":{"line":31,"column":18},"end":{"line":33,"column":3}},"line":31},"5":{"name":"(anonymous_5)","decl":{"start":{"line":47,"column":22},"end":{"line":47,"column":23}},"loc":{"start":{"line":48,"column":10},"end":{"line":48,"column":77}},"line":48}},"branchMap":{"0":{"loc":{"start":{"line":21,"column":4},"end":{"line":24,"column":5}},"type":"if","locations":[{"start":{"line":21,"column":4},"end":{"line":24,"column":5}},{"start":{},"end":{}}],"line":21},"1":{"loc":{"start":{"line":32,"column":4},"end":{"line":32,"column":46}},"type":"if","locations":[{"start":{"line":32,"column":4},"end":{"line":32,"column":46}},{"start":{},"end":{}}],"line":32},"2":{"loc":{"start":{"line":38,"column":8},"end":{"line":38,"column":79}},"type":"cond-expr","locations":[{"start":{"line":38,"column":30},"end":{"line":38,"column":65}},{"start":{"line":38,"column":68},"end":{"line":38,"column":79}}],"line":38},"3":{"loc":{"start":{"line":41,"column":7},"end":{"line":45,"column":7}},"type":"binary-expr","locations":[{"start":{"line":41,"column":7},"end":{"line":41,"column":22}},{"start":{"line":42,"column":8},"end":{"line":44,"column":17}}],"line":41},"4":{"loc":{"start":{"line":43,"column":10},"end":{"line":43,"column":52}},"type":"cond-expr","locations":[{"start":{"line":43,"column":30},"end":{"line":43,"column":39}},{"start":{"line":43,"column":42},"end":{"line":43,"column":52}}],"line":43}},"s":{"0":1,"1":1,"2":1,"3":1,"4":1,"5":1,"6":0,"7":1,"8":0,"9":0,"10":0,"11":0,"12":1,"13":0,"14":1,"15":1,"16":0,"17":1,"18":0},"f":{"0":1,"1":0,"2":0,"3":0,"4":1,"5":0},"b":{"0":[0,0],"1":[0,1],"2":[0,1],"3":[1,0],"4":[0,0]},"_coverageSchema":"1a1c01bbd47fc00a2c39e90264f33305004495a9","hash":"96cdad0cebfaceea8f5508347ffcc280072aca8d"}
,"/Users/mattchang/Documents/Development/front-end-cyoa-take-home/frontend/src/components/Header.jsx": {"path":"/Users/mattchang/Documents/Development/front-end-cyoa-take-home/frontend/src/components/Header.jsx","statementMap":{"0":{"start":{"line":6,"column":34},"end":{"line":6,"column":49}},"1":{"start":{"line":7,"column":37},"end":{"line":7,"column":56}},"2":{"start":{"line":9,"column":2},"end":{"line":47,"column":4}},"3":{"start":{"line":21,"column":23},"end":{"line":21,"column":40}},"4":{"start":{"line":36,"column":16},"end":{"line":36,"column":33}},"5":{"start":{"line":37,"column":16},"end":{"line":37,"column":35}},"6":{"start":{"line":38,"column":16},"end":{"line":38,"column":34}}},"fnMap":{"0":{"name":"Header","decl":{"start":{"line":5,"column":24},"end":{"line":5,"column":30}},"loc":{"start":{"line":5,"column":51},"end":{"line":48,"column":1}},"line":5},"1":{"name":"(anonymous_1)","decl":{"start":{"line":21,"column":17},"end":{"line":21,"column":18}},"loc":{"start":{"line":21,"column":23},"end":{"line":21,"column":40}},"line":21},"2":{"name":"(anonymous_2)","decl":{"start":{"line":35,"column":22},"end":{"line":35,"column":23}},"loc":{"start":{"line":35,"column":28},"end":{"line":39,"column":15}},"line":35}},"branchMap":{"0":{"loc":{"start":{"line":29,"column":7},"end":{"line":45,"column":7}},"type":"binary-expr","locations":[{"start":{"line":29,"column":7},"end":{"line":29,"column":15}},{"start":{"line":30,"column":8},"end":{"line":44,"column":10}}],"line":29}},"s":{"0":1,"1":1,"2":1,"3":0,"4":0,"5":0,"6":0},"f":{"0":1,"1":0,"2":0},"b":{"0":[1,0]},"_coverageSchema":"1a1c01bbd47fc00a2c39e90264f33305004495a9","hash":"c454e0e5b51314d9a2b05fdc404ec4f7a3b1760d"}
,"/Users/mattchang/Documents/Development/front-end-cyoa-take-home/frontend/src/components/InputForm.jsx": {"path":"/Users/mattchang/Documents/Development/front-end-cyoa-take-home/frontend/src/components/InputForm.jsx","statementMap":{"0":{"start":{"line":4,"column":18},"end":{"line":95,"column":1}},"1":{"start":{"line":5,"column":32},"end":{"line":5,"column":44}},"2":{"start":{"line":6,"column":26},"end":{"line":6,"column":38}},"3":{"start":{"line":7,"column":28},"end":{"line":10,"column":4}},"4":{"start":{"line":11,"column":21},"end":{"line":11,"column":36}},"5":{"start":{"line":12,"column":2},"end":{"line":94,"column":4}},"6":{"start":{"line":15,"column":8},"end":{"line":15,"column":27}},"7":{"start":{"line":16,"column":8},"end":{"line":29,"column":9}},"8":{"start":{"line":17,"column":10},"end":{"line":20,"column":13}},"9":{"start":{"line":21,"column":10},"end":{"line":21,"column":28}},"10":{"start":{"line":22,"column":10},"end":{"line":22,"column":25}},"11":{"start":{"line":23,"column":10},"end":{"line":23,"column":22}},"12":{"start":{"line":25,"column":10},"end":{"line":28,"column":13}},"13":{"start":{"line":40,"column":10},"end":{"line":40,"column":34}},"14":{"start":{"line":41,"column":10},"end":{"line":44,"column":13}},"15":{"start":{"line":60,"column":10},"end":{"line":60,"column":37}},"16":{"start":{"line":61,"column":10},"end":{"line":64,"column":13}}},"fnMap":{"0":{"name":"(anonymous_0)","decl":{"start":{"line":4,"column":18},"end":{"line":4,"column":19}},"loc":{"start":{"line":4,"column":42},"end":{"line":95,"column":1}},"line":4},"1":{"name":"(anonymous_1)","decl":{"start":{"line":14,"column":16},"end":{"line":14,"column":17}},"loc":{"start":{"line":14,"column":23},"end":{"line":30,"column":7}},"line":14},"2":{"name":"(anonymous_2)","decl":{"start":{"line":39,"column":18},"end":{"line":39,"column":19}},"loc":{"start":{"line":39,"column":25},"end":{"line":45,"column":9}},"line":39},"3":{"name":"(anonymous_3)","decl":{"start":{"line":59,"column":18},"end":{"line":59,"column":19}},"loc":{"start":{"line":59,"column":25},"end":{"line":65,"column":9}},"line":59}},"branchMap":{"0":{"loc":{"start":{"line":16,"column":8},"end":{"line":29,"column":9}},"type":"if","locations":[{"start":{"line":16,"column":8},"end":{"line":29,"column":9}},{"start":{"line":24,"column":15},"end":{"line":29,"column":9}}],"line":16},"1":{"loc":{"start":{"line":16,"column":12},"end":{"line":16,"column":41}},"type":"binary-expr","locations":[{"start":{"line":16,"column":12},"end":{"line":16,"column":23}},{"start":{"line":16,"column":27},"end":{"line":16,"column":41}}],"line":16},"2":{"loc":{"start":{"line":48,"column":10},"end":{"line":50,"column":74}},"type":"cond-expr","locations":[{"start":{"line":49,"column":14},"end":{"line":49,"column":98}},{"start":{"line":50,"column":14},"end":{"line":50,"column":74}}],"line":48},"3":{"loc":{"start":{"line":68,"column":10},"end":{"line":70,"column":86}},"type":"cond-expr","locations":[{"start":{"line":69,"column":14},"end":{"line":69,"column":110}},{"start":{"line":70,"column":14},"end":{"line":70,"column":86}}],"line":68}},"s":{"0":1,"1":1,"2":1,"3":1,"4":1,"5":1,"6":0,"7":0,"8":0,"9":0,"10":0,"11":0,"12":0,"13":0,"14":0,"15":0,"16":0},"f":{"0":1,"1":0,"2":0,"3":0},"b":{"0":[0,0],"1":[0,0],"2":[0,1],"3":[0,1]},"_coverageSchema":"1a1c01bbd47fc00a2c39e90264f33305004495a9","hash":"7db5462fab54d15a42bd51a3e58b6994378b3e5a"}
,"/Users/mattchang/Documents/Development/front-end-cyoa-take-home/frontend/src/components/OverflowMenu.jsx": {"path":"/Users/mattchang/Documents/Development/front-end-cyoa-take-home/frontend/src/components/OverflowMenu.jsx","statementMap":{"0":{"start":{"line":3,"column":21},"end":{"line":42,"column":1}},"1":{"start":{"line":4,"column":14},"end":{"line":4,"column":26}},"2":{"start":{"line":5,"column":2},"end":{"line":15,"column":28}},"3":{"start":{"line":7,"column":6},"end":{"line":9,"column":7}},"4":{"start":{"line":8,"column":8},"end":{"line":8,"column":24}},"5":{"start":{"line":11,"column":4},"end":{"line":11,"column":63}},"6":{"start":{"line":12,"column":4},"end":{"line":14,"column":6}},"7":{"start":{"line":13,"column":6},"end":{"line":13,"column":68}},"8":{"start":{"line":17,"column":2},"end":{"line":41,"column":4}},"9":{"start":{"line":23,"column":8},"end":{"line":38,"column":13}}},"fnMap":{"0":{"name":"(anonymous_0)","decl":{"start":{"line":3,"column":21},"end":{"line":3,"column":22}},"loc":{"start":{"line":3,"column":52},"end":{"line":42,"column":1}},"line":3},"1":{"name":"(anonymous_1)","decl":{"start":{"line":5,"column":12},"end":{"line":5,"column":13}},"loc":{"start":{"line":5,"column":18},"end":{"line":15,"column":3}},"line":5},"2":{"name":"handleClickOutside","decl":{"start":{"line":6,"column":13},"end":{"line":6,"column":31}},"loc":{"start":{"line":6,"column":39},"end":{"line":10,"column":5}},"line":6},"3":{"name":"(anonymous_3)","decl":{"start":{"line":12,"column":11},"end":{"line":12,"column":12}},"loc":{"start":{"line":12,"column":17},"end":{"line":14,"column":5}},"line":12},"4":{"name":"(anonymous_4)","decl":{"start":{"line":22,"column":17},"end":{"line":22,"column":18}},"loc":{"start":{"line":23,"column":8},"end":{"line":38,"column":13}},"line":23}},"branchMap":{"0":{"loc":{"start":{"line":7,"column":6},"end":{"line":9,"column":7}},"type":"if","locations":[{"start":{"line":7,"column":6},"end":{"line":9,"column":7}},{"start":{},"end":{}}],"line":7},"1":{"loc":{"start":{"line":7,"column":10},"end":{"line":7,"column":60}},"type":"binary-expr","locations":[{"start":{"line":7,"column":10},"end":{"line":7,"column":21}},{"start":{"line":7,"column":25},"end":{"line":7,"column":60}}],"line":7},"2":{"loc":{"start":{"line":26,"column":12},"end":{"line":32,"column":57}},"type":"cond-expr","locations":[{"start":{"line":27,"column":16},"end":{"line":27,"column":68}},{"start":{"line":28,"column":16},"end":{"line":32,"column":57}}],"line":26},"3":{"loc":{"start":{"line":26,"column":12},"end":{"line":26,"column":45}},"type":"binary-expr","locations":[{"start":{"line":26,"column":12},"end":{"line":26,"column":19}},{"start":{"line":26,"column":23},"end":{"line":26,"column":45}}],"line":26},"4":{"loc":{"start":{"line":28,"column":16},"end":{"line":32,"column":57}},"type":"cond-expr","locations":[{"start":{"line":29,"column":16},"end":{"line":29,"column":70}},{"start":{"line":30,"column":16},"end":{"line":32,"column":57}}],"line":28},"5":{"loc":{"start":{"line":30,"column":16},"end":{"line":32,"column":57}},"type":"cond-expr","locations":[{"start":{"line":31,"column":16},"end":{"line":31,"column":70}},{"start":{"line":32,"column":16},"end":{"line":32,"column":57}}],"line":30}},"s":{"0":1,"1":0,"2":0,"3":0,"4":0,"5":0,"6":0,"7":0,"8":0,"9":0},"f":{"0":0,"1":0,"2":0,"3":0,"4":0},"b":{"0":[0,0],"1":[0,0],"2":[0,0],"3":[0,0],"4":[0,0],"5":[0,0]},"_coverageSchema":"1a1c01bbd47fc00a2c39e90264f33305004495a9","hash":"7eaa4cfecf95841b0a4c1e067f0d67b2e94d7643"}
,"/Users/mattchang/Documents/Development/front-end-cyoa-take-home/frontend/src/hooks/useComments.js": {"path":"/Users/mattchang/Documents/Development/front-end-cyoa-take-home/frontend/src/hooks/useComments.js","statementMap":{"0":{"start":{"line":6,"column":27},"end":{"line":10,"column":4}},"1":{"start":{"line":7,"column":2},"end":{"line":10,"column":4}},"2":{"start":{"line":9,"column":19},"end":{"line":9,"column":32}},"3":{"start":{"line":12,"column":29},"end":{"line":24,"column":1}},"4":{"start":{"line":13,"column":16},"end":{"line":13,"column":18}},"5":{"start":{"line":14,"column":17},"end":{"line":14,"column":42}},"6":{"start":{"line":15,"column":2},"end":{"line":23,"column":5}},"7":{"start":{"line":17,"column":6},"end":{"line":17,"column":21}},"8":{"start":{"line":18,"column":6},"end":{"line":18,"column":31}},"9":{"start":{"line":21,"column":6},"end":{"line":21,"column":43}},"10":{"start":{"line":26,"column":33},"end":{"line":34,"column":1}},"11":{"start":{"line":27,"column":17},"end":{"line":27,"column":42}},"12":{"start":{"line":28,"column":2},"end":{"line":33,"column":5}},"13":{"start":{"line":29,"column":22},"end":{"line":29,"column":38}},"14":{"start":{"line":31,"column":6},"end":{"line":31,"column":37}}},"fnMap":{"0":{"name":"(anonymous_0)","decl":{"start":{"line":6,"column":27},"end":{"line":6,"column":28}},"loc":{"start":{"line":7,"column":2},"end":{"line":10,"column":4}},"line":7},"1":{"name":"(anonymous_1)","decl":{"start":{"line":9,"column":13},"end":{"line":9,"column":14}},"loc":{"start":{"line":9,"column":19},"end":{"line":9,"column":32}},"line":9},"2":{"name":"(anonymous_2)","decl":{"start":{"line":12,"column":29},"end":{"line":12,"column":30}},"loc":{"start":{"line":12,"column":35},"end":{"line":24,"column":1}},"line":12},"3":{"name":"(anonymous_3)","decl":{"start":{"line":16,"column":16},"end":{"line":16,"column":17}},"loc":{"start":{"line":16,"column":26},"end":{"line":19,"column":5}},"line":16},"4":{"name":"(anonymous_4)","decl":{"start":{"line":20,"column":15},"end":{"line":20,"column":16}},"loc":{"start":{"line":20,"column":21},"end":{"line":22,"column":5}},"line":20},"5":{"name":"(anonymous_5)","decl":{"start":{"line":26,"column":33},"end":{"line":26,"column":34}},"loc":{"start":{"line":26,"column":39},"end":{"line":34,"column":1}},"line":26},"6":{"name":"(anonymous_6)","decl":{"start":{"line":29,"column":16},"end":{"line":29,"column":17}},"loc":{"start":{"line":29,"column":22},"end":{"line":29,"column":38}},"line":29},"7":{"name":"(anonymous_7)","decl":{"start":{"line":30,"column":15},"end":{"line":30,"column":16}},"loc":{"start":{"line":30,"column":21},"end":{"line":32,"column":5}},"line":30}},"branchMap":{},"s":{"0":1,"1":1,"2":1,"3":1,"4":1,"5":1,"6":1,"7":0,"8":0,"9":0,"10":1,"11":1,"12":1,"13":0,"14":0},"f":{"0":1,"1":1,"2":1,"3":0,"4":0,"5":1,"6":0,"7":0},"b":{},"_coverageSchema":"1a1c01bbd47fc00a2c39e90264f33305004495a9","hash":"2d972bcf336e160be1196be8667a6b5f4633e907"}
,"/Users/mattchang/Documents/Development/front-end-cyoa-take-home/frontend/src/services/comments.js": {"path":"/Users/mattchang/Documents/Development/front-end-cyoa-take-home/frontend/src/services/comments.js","statementMap":{"0":{"start":{"line":1,"column":27},"end":{"line":5,"column":1}},"1":{"start":{"line":2,"column":14},"end":{"line":2,"column":62}},"2":{"start":{"line":3,"column":15},"end":{"line":3,"column":31}},"3":{"start":{"line":4,"column":2},"end":{"line":4,"column":24}},"4":{"start":{"line":7,"column":27},"end":{"line":18,"column":1}},"5":{"start":{"line":8,"column":14},"end":{"line":15,"column":4}},"6":{"start":{"line":16,"column":15},"end":{"line":16,"column":31}},"7":{"start":{"line":17,"column":2},"end":{"line":17,"column":14}},"8":{"start":{"line":20,"column":30},"end":{"line":26,"column":1}},"9":{"start":{"line":21,"column":14},"end":{"line":23,"column":4}},"10":{"start":{"line":24,"column":15},"end":{"line":24,"column":31}},"11":{"start":{"line":25,"column":2},"end":{"line":25,"column":14}}},"fnMap":{"0":{"name":"(anonymous_0)","decl":{"start":{"line":1,"column":27},"end":{"line":1,"column":28}},"loc":{"start":{"line":1,"column":39},"end":{"line":5,"column":1}},"line":1},"1":{"name":"(anonymous_1)","decl":{"start":{"line":7,"column":27},"end":{"line":7,"column":28}},"loc":{"start":{"line":7,"column":43},"end":{"line":18,"column":1}},"line":7},"2":{"name":"(anonymous_2)","decl":{"start":{"line":20,"column":30},"end":{"line":20,"column":31}},"loc":{"start":{"line":20,"column":42},"end":{"line":26,"column":1}},"line":20}},"branchMap":{},"s":{"0":1,"1":1,"2":0,"3":0,"4":1,"5":0,"6":0,"7":0,"8":1,"9":0,"10":0,"11":0},"f":{"0":1,"1":0,"2":0},"b":{},"_coverageSchema":"1a1c01bbd47fc00a2c39e90264f33305004495a9","hash":"5ad9bd9a6483cf29af1075a4ee62b93f5139a351"}
}
